<?xml version="1.0" encoding="UTF-8"?>
<testsuite name="hello.itemservice.message.MessageSourceTest" tests="6" skipped="0" failures="0" errors="0" timestamp="2024-02-26T03:08:23" hostname="DESKTOP-EO0N7CH" time="0.595">
  <properties/>
  <testcase name="notFoundMessageCodeDefaultMessage()" classname="hello.itemservice.message.MessageSourceTest" time="0.578"/>
  <testcase name="enLang()" classname="hello.itemservice.message.MessageSourceTest" time="0.003"/>
  <testcase name="notFoundMessageCode()" classname="hello.itemservice.message.MessageSourceTest" time="0.005"/>
  <testcase name="defaultLang()" classname="hello.itemservice.message.MessageSourceTest" time="0.001"/>
  <testcase name="helloMessage()" classname="hello.itemservice.message.MessageSourceTest" time="0.001"/>
  <testcase name="argumentMessage()" classname="hello.itemservice.message.MessageSourceTest" time="0.001"/>
  <system-out><![CDATA[12:08:22.279 [Test worker] INFO org.springframework.test.context.support.AnnotationConfigContextLoaderUtils -- Could not detect default configuration classes for test class [hello.itemservice.message.MessageSourceTest]: MessageSourceTest does not declare any static, non-private, non-final, nested classes annotated with @Configuration.
12:08:22.364 [Test worker] INFO org.springframework.boot.test.context.SpringBootTestContextBootstrapper -- Found @SpringBootConfiguration hello.itemservice.ItemServiceApplication for test class hello.itemservice.message.MessageSourceTest

  .   ____          _            __ _ _
 /\\ / ___'_ __ _ _(_)_ __  __ _ \ \ \ \
( ( )\___ | '_ | '_| | '_ \/ _` | \ \ \ \
 \\/  ___)| |_)| | | | | || (_| |  ) ) ) )
  '  |____| .__|_| |_|_| |_\__, | / / / /
 =========|_|==============|___/=/_/_/_/
 :: Spring Boot ::                (v3.2.3)

2024-02-26T12:08:22.637+09:00  INFO 12004 --- [    Test worker] h.itemservice.message.MessageSourceTest  : Starting MessageSourceTest using Java 17.0.10 with PID 12004 (started by jiyou in C:\Users\jiyou\Desktop\백엔드\spring\spring mvc2\message)
2024-02-26T12:08:22.638+09:00  INFO 12004 --- [    Test worker] h.itemservice.message.MessageSourceTest  : No active profile set, falling back to 1 default profile: "default"
2024-02-26T12:08:23.271+09:00  INFO 12004 --- [    Test worker] o.s.b.a.w.s.WelcomePageHandlerMapping    : Adding welcome page: class path resource [static/index.html]
2024-02-26T12:08:23.465+09:00  INFO 12004 --- [    Test worker] h.itemservice.message.MessageSourceTest  : Started MessageSourceTest in 0.977 seconds (process running for 1.899)
2024-02-26T12:08:24.013+09:00  WARN 12004 --- [    Test worker] o.s.c.s.ResourceBundleMessageSource      : ResourceBundle [errors] not found for MessageSource: Can't find bundle for base name errors, locale ko_KR
2024-02-26T12:08:24.065+09:00  WARN 12004 --- [    Test worker] o.s.c.s.ResourceBundleMessageSource      : ResourceBundle [errors] not found for MessageSource: Can't find bundle for base name errors, locale ko_KR
]]></system-out>
  <system-err><![CDATA[]]></system-err>
</testsuite>
